[debug] [2025-03-13T17:18:10.996Z] ----------------------------------------------------------------------
[debug] [2025-03-13T17:18:11.194Z] Command:       /usr/local/bin/node /usr/local/bin/firebase init
[debug] [2025-03-13T17:18:11.195Z] CLI Version:   13.34.0
[debug] [2025-03-13T17:18:11.195Z] Platform:      darwin
[debug] [2025-03-13T17:18:11.195Z] Node Version:  v20.11.1
[debug] [2025-03-13T17:18:11.196Z] Time:          Thu Mar 13 2025 18:18:11 GMT+0100 (West Africa Standard Time)
[debug] [2025-03-13T17:18:11.196Z] ----------------------------------------------------------------------
[debug] 
[debug] [2025-03-13T17:18:11.361Z] > command requires scopes: ["email","openid","https://www.googleapis.com/auth/cloudplatformprojects.readonly","https://www.googleapis.com/auth/firebase","https://www.googleapis.com/auth/cloud-platform"]
[debug] [2025-03-13T17:18:11.363Z] > authorizing via signed-in user (abdulhamid.m.321@gmail.com)
[info] 
     ######## #### ########  ######## ########     ###     ######  ########
     ##        ##  ##     ## ##       ##     ##  ##   ##  ##       ##
     ######    ##  ########  ######   ########  #########  ######  ######
     ##        ##  ##    ##  ##       ##     ## ##     ##       ## ##
     ##       #### ##     ## ######## ########  ##     ##  ######  ########

You're about to initialize a Firebase project in this directory:

  /Users/midman/RiderProjects/AirCode

[info] 
=== Project Setup
[info] 
[info] First, let's associate this project directory with a Firebase project.
[info] You can create multiple project aliases by running firebase use --add, 
[info] but for now we'll just set up a default project.
[info] 
[info] i  If you want to create a project in a Google Cloud organization or folder, please use "firebase projects:create" instead, and return to this command when you've created the project. 
[debug] [2025-03-13T17:19:33.800Z] Checked if tokens are valid: true, expires at: 1741889609650
[debug] [2025-03-13T17:19:33.801Z] Checked if tokens are valid: true, expires at: 1741889609650
[debug] [2025-03-13T17:19:33.825Z] >>> [apiv2][query] POST https://cloudresourcemanager.googleapis.com/v1/projects [none]
[debug] [2025-03-13T17:19:33.825Z] >>> [apiv2][body] POST https://cloudresourcemanager.googleapis.com/v1/projects {"projectId":"AirCode","name":"AirCode"}
[debug] [2025-03-13T17:19:36.560Z] <<< [apiv2][status] POST https://cloudresourcemanager.googleapis.com/v1/projects 400
[debug] [2025-03-13T17:19:36.560Z] <<< [apiv2][body] POST https://cloudresourcemanager.googleapis.com/v1/projects {"error":{"code":400,"message":"field [project_id] has issue [project_id contains invalid characters]","status":"INVALID_ARGUMENT","details":[{"@type":"type.googleapis.com/google.rpc.BadRequest","fieldViolations":[{"field":"project_id","description":"project_id contains invalid characters"}]},{"@type":"type.googleapis.com/google.rpc.Help","links":[{"url":"https://cloud.google.com/resource-manager/reference/rest/v1/projects"}]}]}}
[debug] [2025-03-13T17:19:37.331Z] FirebaseError: Request to https://cloudresourcemanager.googleapis.com/v1/projects had HTTP Error: 400, field [project_id] has issue [project_id contains invalid characters]
    at responseToError (/usr/local/lib/node_modules/firebase-tools/lib/responseToError.js:52:12)
    at RetryOperation._fn (/usr/local/lib/node_modules/firebase-tools/lib/apiv2.js:312:77)
    at process.processTicksAndRejections (node:internal/process/task_queues:95:5)
[error] 
[error] Error: Failed to create project. See firebase-debug.log for more info.
[debug] [2025-03-13T17:21:17.470Z] ----------------------------------------------------------------------
[debug] [2025-03-13T17:21:17.526Z] Command:       /usr/local/bin/node /usr/local/bin/firebase init
[debug] [2025-03-13T17:21:17.527Z] CLI Version:   13.34.0
[debug] [2025-03-13T17:21:17.527Z] Platform:      darwin
[debug] [2025-03-13T17:21:17.528Z] Node Version:  v20.11.1
[debug] [2025-03-13T17:21:17.528Z] Time:          Thu Mar 13 2025 18:21:17 GMT+0100 (West Africa Standard Time)
[debug] [2025-03-13T17:21:17.528Z] ----------------------------------------------------------------------
[debug] 
[debug] [2025-03-13T17:21:17.637Z] > command requires scopes: ["email","openid","https://www.googleapis.com/auth/cloudplatformprojects.readonly","https://www.googleapis.com/auth/firebase","https://www.googleapis.com/auth/cloud-platform"]
[debug] [2025-03-13T17:21:17.638Z] > authorizing via signed-in user (abdulhamid.m.321@gmail.com)
[info] 
     ######## #### ########  ######## ########     ###     ######  ########
     ##        ##  ##     ## ##       ##     ##  ##   ##  ##       ##
     ######    ##  ########  ######   ########  #########  ######  ######
     ##        ##  ##    ##  ##       ##     ## ##     ##       ## ##
     ##       #### ##     ## ######## ########  ##     ##  ######  ########

You're about to initialize a Firebase project in this directory:

  /Users/midman/RiderProjects/AirCode

[info] 
=== Project Setup
[info] 
[info] First, let's associate this project directory with a Firebase project.
[info] You can create multiple project aliases by running firebase use --add, 
[info] but for now we'll just set up a default project.
[info] 
[debug] [2025-03-13T17:22:13.208Z] Checked if tokens are valid: true, expires at: 1741889609650
[debug] [2025-03-13T17:22:13.209Z] Checked if tokens are valid: true, expires at: 1741889609650
[debug] [2025-03-13T17:22:13.325Z] >>> [apiv2][query] GET https://firebase.googleapis.com/v1beta1/projects pageSize=100
[debug] [2025-03-13T17:22:15.207Z] <<< [apiv2][status] GET https://firebase.googleapis.com/v1beta1/projects 200
[debug] [2025-03-13T17:22:15.207Z] <<< [apiv2][body] GET https://firebase.googleapis.com/v1beta1/projects [omitted]
[info] i  Using project mid-aircode-27dc5 (AirCode) 
[info] 
=== Apphosting Setup
[debug] [2025-03-13T17:22:23.244Z] Checked if tokens are valid: true, expires at: 1741889609650
[debug] [2025-03-13T17:22:23.245Z] Checked if tokens are valid: true, expires at: 1741889609650
[debug] [2025-03-13T17:22:23.245Z] >>> [apiv2][query] GET https://cloudbilling.googleapis.com/v1/projects/mid-aircode-27dc5/billingInfo [none]
[debug] [2025-03-13T17:22:24.852Z] <<< [apiv2][status] GET https://cloudbilling.googleapis.com/v1/projects/mid-aircode-27dc5/billingInfo 200
[debug] [2025-03-13T17:22:24.852Z] <<< [apiv2][body] GET https://cloudbilling.googleapis.com/v1/projects/mid-aircode-27dc5/billingInfo {"name":"projects/mid-aircode-27dc5/billingInfo","projectId":"mid-aircode-27dc5","billingAccountName":"","billingEnabled":false}
[info] i  Writing default settings to apphosting.yaml... 
[info] ✔  Wrote apphosting.yaml 
[info] ✔  Create a new App Hosting backend with `firebase apphosting:backends:create` 
[info] 
=== Hosting Setup
[debug] [2025-03-13T17:22:24.884Z] Checked if tokens are valid: true, expires at: 1741889609650
[debug] [2025-03-13T17:22:24.885Z] Checked if tokens are valid: true, expires at: 1741889609650
[debug] [2025-03-13T17:22:24.885Z] >>> [apiv2][query] GET https://firebase.googleapis.com/v1beta1/projects/mid-aircode-27dc5 [none]
[debug] [2025-03-13T17:22:26.124Z] <<< [apiv2][status] GET https://firebase.googleapis.com/v1beta1/projects/mid-aircode-27dc5 200
[debug] [2025-03-13T17:22:26.124Z] <<< [apiv2][body] GET https://firebase.googleapis.com/v1beta1/projects/mid-aircode-27dc5 {"projectId":"mid-aircode-27dc5","projectNumber":"380472129356","displayName":"AirCode","name":"projects/mid-aircode-27dc5","resources":{"hostingSite":"mid-aircode-27dc5"},"state":"ACTIVE","etag":"1_ebf643ba-7054-4e6e-807c-ad7c339a3473"}
[info] 
[info] Your public directory is the folder (relative to your project directory) that
[info] will contain Hosting assets to be uploaded with firebase deploy. If you
[info] have a build process for your assets, use your build's output directory.
[info] 
[debug] [2025-03-13T17:22:43.544Z] >>> [apiv2][query] GET https://www.gstatic.com/firebasejs/releases.json [none]
[debug] [2025-03-13T17:22:44.509Z] <<< [apiv2][status] GET https://www.gstatic.com/firebasejs/releases.json 200
[debug] [2025-03-13T17:22:44.509Z] <<< [apiv2][body] GET https://www.gstatic.com/firebasejs/releases.json {"current":{"version":"11.4.0","browserURL":"https://www.gstatic.com/firebasejs/11.4.0/firebase.js","packageURL":"https://www.gstatic.com/firebasejs/11.4.0/firebase.tgz"},"live":{"version":"11.4","browserURL":"https://www.gstatic.com/firebasejs/live/11.4/firebase.js","packageURL":"https://www.gstatic.com/firebasejs/live/11.4/firebase.tgz"},"components":{"analytics":"https://www.gstatic.com/firebasejs/11.4.0/firebase-analytics.js","app":"https://www.gstatic.com/firebasejs/11.4.0/firebase-app.js","app-check":"https://www.gstatic.com/firebasejs/11.4.0/firebase-app-check.js","auth":"https://www.gstatic.com/firebasejs/11.4.0/firebase-auth.js","auth/cordova":"https://www.gstatic.com/firebasejs/11.4.0/firebase-auth/cordova.js","auth/web-extension":"https://www.gstatic.com/firebasejs/11.4.0/firebase-auth/web-extension.js","functions":"https://www.gstatic.com/firebasejs/11.4.0/firebase-functions.js","firestore":"https://www.gstatic.com/firebasejs/11.4.0/firebase-firestore.js","firestore/lite":"https://www.gstatic.com/firebasejs/11.4.0/firebase-firestore/lite.js","installations":"https://www.gstatic.com/firebasejs/11.4.0/firebase-installations.js","storage":"https://www.gstatic.com/firebasejs/11.4.0/firebase-storage.js","performance":"https://www.gstatic.com/firebasejs/11.4.0/firebase-performance.js","remote-config":"https://www.gstatic.com/firebasejs/11.4.0/firebase-remote-config.js","messaging":"https://www.gstatic.com/firebasejs/11.4.0/firebase-messaging.js","messaging/sw":"https://www.gstatic.com/firebasejs/11.4.0/firebase-messaging/sw.js","database":"https://www.gstatic.com/firebasejs/11.4.0/firebase-database.js","vertexai":"https://www.gstatic.com/firebasejs/11.4.0/firebase-vertexai.js","data-connect":"https://www.gstatic.com/firebasejs/11.4.0/firebase-data-connect.js","firestore.memory":"https://www.gstatic.com/firebasejs/11.4.0/firebase-firestore.memory.js"}}
[info] ✔  Wrote public/index.html 
[info] 
[info] i  Detected a .git folder at /Users/midman/RiderProjects/AirCode 
[info] i  Authorizing with GitHub to upload your service account to a GitHub repository's secrets store. 
[info] 
[info] Visit this URL on this device to log in:
[info] https://github.com/login/oauth/authorize?client_id=89cf50f02ac6aaed3484&state=261367609&redirect_uri=http%3A%2F%2Flocalhost%3A9005&scope=read%3Auser%20repo%20public_repo
[info] 
[info] Waiting for authentication...
[debug] [2025-03-13T17:28:01.065Z] >>> [apiv2][query] POST https://github.com/login/oauth/access_token [none]
[debug] [2025-03-13T17:28:01.067Z] >>> [apiv2][body] POST https://github.com/login/oauth/access_token [stream]
[debug] [2025-03-13T17:28:02.232Z] <<< [apiv2][status] POST https://github.com/login/oauth/access_token 200
[debug] [2025-03-13T17:28:02.232Z] <<< [apiv2][body] POST https://github.com/login/oauth/access_token {"access_token":"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","token_type":"bearer","scope":"read:user,repo"}
[debug] [2025-03-13T17:28:02.260Z] >>> [apiv2][query] GET https://api.github.com/user [none]
[debug] [2025-03-13T17:28:03.970Z] <<< [apiv2][status] GET https://api.github.com/user 200
[debug] [2025-03-13T17:28:03.970Z] <<< [apiv2][body] GET https://api.github.com/user {"login":"Mid-D-Man","id":94022993,"node_id":"U_kgDOBZqtUQ","avatar_url":"https://avatars.githubusercontent.com/u/94022993?v=4","gravatar_id":"","url":"https://api.github.com/users/Mid-D-Man","html_url":"https://github.com/Mid-D-Man","followers_url":"https://api.github.com/users/Mid-D-Man/followers","following_url":"https://api.github.com/users/Mid-D-Man/following{/other_user}","gists_url":"https://api.github.com/users/Mid-D-Man/gists{/gist_id}","starred_url":"https://api.github.com/users/Mid-D-Man/starred{/owner}{/repo}","subscriptions_url":"https://api.github.com/users/Mid-D-Man/subscriptions","organizations_url":"https://api.github.com/users/Mid-D-Man/orgs","repos_url":"https://api.github.com/users/Mid-D-Man/repos","events_url":"https://api.github.com/users/Mid-D-Man/events{/privacy}","received_events_url":"https://api.github.com/users/Mid-D-Man/received_events","type":"User","user_view_type":"private","site_admin":false,"name":"Abdulhamid Manman Suleiman ","company":"MidManStudio","blog":"","location":"Nigeria","email":null,"hireable":null,"bio":"Well there not really much to say I'm just an indi game dev trying to finish his very first game","twitter_username":null,"notification_email":null,"public_repos":6,"public_gists":0,"followers":1,"following":1,"created_at":"2021-11-09T23:53:36Z","updated_at":"2025-03-13T17:27:54Z","private_gists":1,"total_private_repos":2,"owned_private_repos":2,"disk_usage":4515,"collaborators":0,"two_factor_authentication":true,"plan":{"name":"free","space":976562499,"collaborators":0,"private_repos":10000}}
[info] 
[info] ✔  Success! Logged into GitHub as Mid-D-Man 
[info] 
